<?xml version="1.0" encoding="UTF-8"?>
<robot generator="Robot 6.0.1 (Python 3.11.1 on win32)" generated="20230220 12:43:26.832" rpa="false" schemaversion="3">
<suite id="s1" name="accessLink" source="D:\Kerja\Belajar Robot Framework\Test KarirLab\accessLink.robot">
<test id="s1-t1" name="Open Wikipedia" line="6">
<kw name="Open Webpage Wikipedia Multiple Window" library="steps">
<kw name="Open Browser" library="SeleniumLibrary">
<arg>${url_test}</arg>
<arg>chrome</arg>
<doc>Opens a new browser instance to the optional ``url``.</doc>
<msg timestamp="20230220 12:43:26.968" level="INFO">Opening browser 'chrome' to base url 'https://www.wikipedia.org/'.</msg>
<status status="PASS" starttime="20230220 12:43:26.967" endtime="20230220 12:43:28.397"/>
</kw>
<kw name="Set Window Position" library="SeleniumLibrary">
<arg>100</arg>
<arg>100</arg>
<doc>Sets window position using ``x`` and ``y`` coordinates.</doc>
<status status="PASS" starttime="20230220 12:43:28.397" endtime="20230220 12:43:28.515"/>
</kw>
<status status="PASS" starttime="20230220 12:43:26.967" endtime="20230220 12:43:28.515"/>
</kw>
<status status="PASS" starttime="20230220 12:43:26.967" endtime="20230220 12:43:28.515"/>
</test>
<test id="s1-t2" name="Check Link Wikipedia" line="9">
<kw name="Checking Link English" library="steps">
<kw name="Wait Until Element Is Enabled" library="SeleniumLibrary">
<arg>id=js-link-box-en</arg>
<doc>Waits until the element ``locator`` is enabled.</doc>
<status status="PASS" starttime="20230220 12:43:28.516" endtime="20230220 12:43:28.536"/>
</kw>
<kw name="Click Link" library="SeleniumLibrary">
<arg>id=js-link-box-en</arg>
<doc>Clicks a link identified by ``locator``.</doc>
<msg timestamp="20230220 12:43:28.537" level="INFO">Clicking link 'id=js-link-box-en'.</msg>
<status status="PASS" starttime="20230220 12:43:28.536" endtime="20230220 12:43:28.973"/>
</kw>
<kw name="Sleep" library="BuiltIn">
<arg>5</arg>
<doc>Pauses the test executed for the given time.</doc>
<msg timestamp="20230220 12:43:33.973" level="INFO">Slept 5 seconds</msg>
<status status="PASS" starttime="20230220 12:43:28.973" endtime="20230220 12:43:33.973"/>
</kw>
<kw name="Go Back" library="SeleniumLibrary">
<doc>Simulates the user clicking the back button on their browser.</doc>
<status status="PASS" starttime="20230220 12:43:33.973" endtime="20230220 12:43:33.997"/>
</kw>
<status status="PASS" starttime="20230220 12:43:28.516" endtime="20230220 12:43:33.997"/>
</kw>
<kw name="Checking Link Polski" library="steps">
<kw name="Wait Until Element Is Enabled" library="SeleniumLibrary">
<arg>id=js-link-box-pl</arg>
<doc>Waits until the element ``locator`` is enabled.</doc>
<status status="PASS" starttime="20230220 12:43:33.998" endtime="20230220 12:43:34.017"/>
</kw>
<kw name="Click Link" library="SeleniumLibrary">
<arg>id=js-link-box-pl</arg>
<doc>Clicks a link identified by ``locator``.</doc>
<msg timestamp="20230220 12:43:34.017" level="INFO">Clicking link 'id=js-link-box-pl'.</msg>
<status status="PASS" starttime="20230220 12:43:34.017" endtime="20230220 12:43:34.669"/>
</kw>
<kw name="Sleep" library="BuiltIn">
<arg>5</arg>
<doc>Pauses the test executed for the given time.</doc>
<msg timestamp="20230220 12:43:39.669" level="INFO">Slept 5 seconds</msg>
<status status="PASS" starttime="20230220 12:43:34.669" endtime="20230220 12:43:39.669"/>
</kw>
<kw name="Go Back" library="SeleniumLibrary">
<doc>Simulates the user clicking the back button on their browser.</doc>
<msg timestamp="20230220 12:43:39.671" level="WARN">Keyword 'Capture Page Screenshot' could not be run on failure: Message: no such window: target window already closed
from unknown error: web view not found
  (Session info: chrome=110.0.5481.104)
Stacktrace:
Backtrace:
	(No symbol) [0x00C637D3]
	(No symbol) [0x00BF8B81]
	(No symbol) [0x00AFB36D]
	(No symbol) [0x00ADE5DA]
	(No symbol) [0x00B4F0CB]
	(No symbol) [0x00B60A56]
	(No symbol) [0x00B4B216]
	(No symbol) [0x00B20D97]
	(No symbol) [0x00B2253D]
	GetHandleVerifier [0x00EDABF2+2510930]
	GetHandleVerifier [0x00F08EC1+2700065]
	GetHandleVerifier [0x00F0C86C+2714828]
	GetHandleVerifier [0x00D13480+645344]
	(No symbol) [0x00C00FD2]
	(No symbol) [0x00C06C68]
	(No symbol) [0x00C06D4B]
	(No symbol) [0x00C10D6B]
	BaseThreadInitThunk [0x75F36BD9+25]
	RtlGetFullPathName_UEx [0x77658FD2+1218]
	RtlGetFullPathName_UEx [0x77658F9D+1165]
</msg>
<msg timestamp="20230220 12:43:39.673" level="FAIL">NoSuchWindowException: Message: no such window: target window already closed
from unknown error: web view not found
  (Session info: chrome=110.0.5481.104)
Stacktrace:
Backtrace:
	(No symbol) [0x00C637D3]
	(No symbol) [0x00BF8B81]
	(No symbol) [0x00AFB36D]
	(No symbol) [0x00ADE5DA]
	(No symbol) [0x00B4F0CB]
	(No symbol) [0x00B60A56]
	(No symbol) [0x00B4B216]
	(No symbol) [0x00B20D97]
	(No symbol) [0x00B2253D]
	GetHandleVerifier [0x00EDABF2+2510930]
	GetHandleVerifier [0x00F08EC1+2700065]
	GetHandleVerifier [0x00F0C86C+2714828]
	GetHandleVerifier [0x00D13480+645344]
	(No symbol) [0x00C00FD2]
	(No symbol) [0x00C06C68]
	(No symbol) [0x00C06D4B]
	(No symbol) [0x00C10D6B]
	BaseThreadInitThunk [0x75F36BD9+25]
	RtlGetFullPathName_UEx [0x77658FD2+1218]
	RtlGetFullPathName_UEx [0x77658F9D+1165]
</msg>
<status status="FAIL" starttime="20230220 12:43:39.669" endtime="20230220 12:43:39.675"/>
</kw>
<status status="FAIL" starttime="20230220 12:43:33.998" endtime="20230220 12:43:39.675"/>
</kw>
<kw name="Checking Link Rusia" library="steps">
<status status="NOT RUN" starttime="20230220 12:43:39.675" endtime="20230220 12:43:39.675"/>
</kw>
<kw name="Checking Link Japan" library="steps">
<status status="NOT RUN" starttime="20230220 12:43:39.675" endtime="20230220 12:43:39.675"/>
</kw>
<kw name="Checking Link Germany" library="steps">
<status status="NOT RUN" starttime="20230220 12:43:39.675" endtime="20230220 12:43:39.675"/>
</kw>
<kw name="Checking Link France" library="steps">
<status status="NOT RUN" starttime="20230220 12:43:39.676" endtime="20230220 12:43:39.676"/>
</kw>
<kw name="Checking Link Espanol" library="steps">
<status status="NOT RUN" starttime="20230220 12:43:39.676" endtime="20230220 12:43:39.676"/>
</kw>
<kw name="Checking Link Italia" library="steps">
<status status="NOT RUN" starttime="20230220 12:43:39.676" endtime="20230220 12:43:39.676"/>
</kw>
<kw name="Checking Link Chinese" library="steps">
<status status="NOT RUN" starttime="20230220 12:43:39.676" endtime="20230220 12:43:39.676"/>
</kw>
<kw name="Checking Link Arabic" library="steps">
<status status="NOT RUN" starttime="20230220 12:43:39.676" endtime="20230220 12:43:39.676"/>
</kw>
<status status="FAIL" starttime="20230220 12:43:28.516" endtime="20230220 12:43:39.676">NoSuchWindowException: Message: no such window: target window already closed
from unknown error: web view not found
  (Session info: chrome=110.0.5481.104)
Stacktrace:
Backtrace:
	(No symbol) [0x00C637D3]
	(No symbol) [0x00BF8B81]
	(No symbol) [0x00AFB36D]
	(No symbol) [0x00ADE5DA]
	(No symbol) [0x00B4F0CB]
	(No symbol) [0x00B60A56]
	(No symbol) [0x00B4B216]
	(No symbol) [0x00B20D97]
	(No symbol) [0x00B2253D]
	GetHandleVerifier [0x00EDABF2+2510930]
	GetHandleVerifier [0x00F08EC1+2700065]
	GetHandleVerifier [0x00F0C86C+2714828]
	GetHandleVerifier [0x00D13480+645344]
	(No symbol) [0x00C00FD2]
	(No symbol) [0x00C06C68]
	(No symbol) [0x00C06D4B]
	(No symbol) [0x00C10D6B]
	BaseThreadInitThunk [0x75F36BD9+25]
	RtlGetFullPathName_UEx [0x77658FD2+1218]
	RtlGetFullPathName_UEx [0x77658F9D+1165]
</status>
</test>
<status status="FAIL" starttime="20230220 12:43:26.834" endtime="20230220 12:43:39.678"/>
</suite>
<statistics>
<total>
<stat pass="1" fail="1" skip="0">All Tests</stat>
</total>
<tag>
</tag>
<suite>
<stat pass="1" fail="1" skip="0" id="s1" name="accessLink">accessLink</stat>
</suite>
</statistics>
<errors>
<msg timestamp="20230220 12:43:39.671" level="WARN">Keyword 'Capture Page Screenshot' could not be run on failure: Message: no such window: target window already closed
from unknown error: web view not found
  (Session info: chrome=110.0.5481.104)
Stacktrace:
Backtrace:
	(No symbol) [0x00C637D3]
	(No symbol) [0x00BF8B81]
	(No symbol) [0x00AFB36D]
	(No symbol) [0x00ADE5DA]
	(No symbol) [0x00B4F0CB]
	(No symbol) [0x00B60A56]
	(No symbol) [0x00B4B216]
	(No symbol) [0x00B20D97]
	(No symbol) [0x00B2253D]
	GetHandleVerifier [0x00EDABF2+2510930]
	GetHandleVerifier [0x00F08EC1+2700065]
	GetHandleVerifier [0x00F0C86C+2714828]
	GetHandleVerifier [0x00D13480+645344]
	(No symbol) [0x00C00FD2]
	(No symbol) [0x00C06C68]
	(No symbol) [0x00C06D4B]
	(No symbol) [0x00C10D6B]
	BaseThreadInitThunk [0x75F36BD9+25]
	RtlGetFullPathName_UEx [0x77658FD2+1218]
	RtlGetFullPathName_UEx [0x77658F9D+1165]
</msg>
</errors>
</robot>
